<?xml version="1.0" encoding="UTF-8"?>
<!-- Generated by org.testng.reporters.JUnitReportReporter -->
<testsuite hostname="DESKTOP-BS990C9" failures="0" tests="1" name="exploreStripe.Runner.mainTestCase" time="20.569" errors="0" timestamp="2021-04-20T05:17:40 PKT" skipped="0">
  <testcase classname="exploreStripe.Runner.mainTestCase" name="openSuccessScenario" time="20.569"/>
  <system-out/>
</testsuite> <!-- exploreStripe.Runner.mainTestCase -->
